<?xml version="1.0" encoding="UTF-8"?>
<testsuite name="ohtuesimerkki.StatisticsTest" tests="4" skipped="0" failures="0" errors="0" timestamp="2017-03-23T08:50:33" hostname="Pesonen-PC" time="0.003">
  <properties/>
  <testcase name="pelaajanEtsiminenKunLoytyy" classname="ohtuesimerkki.StatisticsTest" time="0.002"/>
  <testcase name="tiiminPelaajienEtsiminen" classname="ohtuesimerkki.StatisticsTest" time="0.0"/>
  <testcase name="pelaajanEtsiminenKunEiLoydy" classname="ohtuesimerkki.StatisticsTest" time="0.0"/>
  <testcase name="topPisteidenSelvittÃ¤minenToimii" classname="ohtuesimerkki.StatisticsTest" time="0.0"/>
  <system-out><![CDATA[]]></system-out>
  <system-err><![CDATA[]]></system-err>
</testsuite>
